\BOOKMARK [0][-]{section*.1}{Spis tresci}{}% 1
\BOOKMARK [0][-]{chapter*.2}{Wstep}{}% 2
\BOOKMARK [-1][-]{part.1}{No dobrze... Wezmy sie do pracy.}{}% 3
\BOOKMARK [0][-]{chapter.1}{04.10.2019, przypomnienie i ca\233ka z jednoformy}{part.1}% 4
\BOOKMARK [0][-]{chapter.2}{07.10.2019, ca\233ka po kostce, rozmaitosci zorientowane i prawie twierdzenie Stokesa}{part.1}% 5
\BOOKMARK [0][-]{chapter.3}{11.10.2019, wstega Moebiusa i dow\363d twierdzenia Stokesa \(1/2\)}{part.1}% 6
\BOOKMARK [0][-]{chapter.4}{14.10.2019, dow\363d twierdzenia Stokesa \(2/2\), agitacja na temat lematu Poincare i iloczyn wewnetrzny}{part.1}% 7
\BOOKMARK [0][-]{chapter.5}{18.10.2019, brzeg rozmaitosci i dalsza agitacja lematu Poincare}{part.1}% 8
\BOOKMARK [0][-]{chapter.6}{21.10.2019, dow\363d lematu Poincare, przyk\233ady}{part.1}% 9
\BOOKMARK [0][-]{chapter.7}{25.10.2019, domknietosc i zupe\233nosc formy, d\233ugosc krzywej i zastosowania twierdzenia Stokesa}{part.1}% 10
\BOOKMARK [0][-]{chapter.8}{28.10.2019, zastosowania twierdzenia Stokesa, holomorficznosc funkcji i wzory Cauchy-Riemanna}{part.1}% 11
\BOOKMARK [0][-]{chapter.9}{04.11.2019, warunek Cauchy-Riemanna, wz\363r Cauchy i twierdzenie Liouville \(1/2\)}{part.1}% 12
\BOOKMARK [0][-]{chapter.10}{08.11.2019, twierdzenie Liouville \(2/2\), Zasadnicze Twierdzenie Algebry i poczatek Szereg\363w Laurenta}{part.1}% 13
\BOOKMARK [0][-]{chapter.11}{15.11.2019, zabawa z Szeregiem Laurenta, zwiazki z szeregiem Taylora}{part.1}% 14
\BOOKMARK [0][-]{chapter.12}{22.11.2019, przed\233uzenie analityczne funkcji punkty osobliwe i bieguny}{part.1}% 15
\BOOKMARK [0][-]{chapter.13}{18.11.2019, punkt izolowany, osobliwosc istotna, twierdzenie o residuach}{part.1}% 16
\BOOKMARK [0][-]{chapter.14}{25.11.2019, fajnosc residu\363w i Transformata Legendre geometrycznie}{part.1}% 17
\BOOKMARK [0][-]{chapter.15}{29.11.2019, Lemat Jordana, funkcja wok\363\233 punktu istotnie osobliwego i twierdzenie Weierstrass}{part.1}% 18
\BOOKMARK [0][-]{chapter.16}{02.12.2019, sumowanie szereg\363w}{part.1}% 19
\BOOKMARK [0][-]{chapter.17}{06.12.2019, twierdzenie Rouche, Zasadnicze Twierdzenie Algebry v2.0, sumowanie szereg\363w v2.0, residuum w + \(1/3\)}{part.1}% 20
\BOOKMARK [0][-]{chapter.18}{09.12.2019, przygotowanie do twierdzenia Kasner-Arnold, krzywizna, odwzorowania konforemne, residuum w + \(2/3\)}{part.1}% 21
\BOOKMARK [0][-]{chapter.19}{13.12.2019, twierdzenie Kasner-Arnold}{part.1}% 22
\BOOKMARK [0][-]{chapter.20}{16.12.2019, residuum w + \(3/3\) + super twierdzenie, transformata Fouriera}{part.1}% 23
\BOOKMARK [0][-]{chapter.21}{20.12.2019, w\233asnosci transformaty Fouriera i transformata odwrotna}{part.1}% 24
\BOOKMARK [0][-]{chapter.22}{09.01.2020, Splot, wchodzenie z granica pod ca\233ke i r\363wnanie przewodnictwa}{part.1}% 25
\BOOKMARK [0][-]{chapter.23}{10.01.2020, Iloczyn skalarny, unitarnosc transformaty Fouriera, nier\363wnosc Heisenberga}{part.1}% 26
\BOOKMARK [0][-]{chapter.24}{13.01.2020, Dystrybucje - w\233asnosci, delta Diraca}{part.1}% 27
\BOOKMARK [0][-]{chapter.25}{17.01.2020, Wz\363r Greena, 1r = \040}{part.1}% 28
\BOOKMARK [0][-]{chapter.26}{20.01.2020, Skad sie bierze Prawo Coulumba, Przestrzen Schwartza, dystrybucje temperowane, dwa daszki to ptaszek}{part.1}% 29
\BOOKMARK [0][-]{chapter.27}{24.01.2020, Wz\363r sumacyjny Poissona, Szeregi Fouriera, Twierdzenie Shannona o pr\363bkowaniu}{part.1}% 30
\BOOKMARK [-1][-]{part.2}{Dodatek: Pytania egzaminacyjne}{}% 31
